<?xml version="1.0" encoding="UTF-8"?>
<coverage generated="1569163186585" clover="3.2.0">
  <project timestamp="1569163186585" name="All files">
    <metrics statements="26" coveredstatements="26" conditionals="14" coveredconditionals="14" methods="6" coveredmethods="6" elements="46" coveredelements="46" complexity="0" loc="26" ncloc="26" packages="1" files="1" classes="1"/>
    <file name="ParkingLot.ts" path="/home/gblp245/Desktop/parking-lot-1.4.2/parking_lot_gojek/src/ParkingLot.ts">
      <metrics statements="26" coveredstatements="26" conditionals="14" coveredconditionals="14" methods="6" coveredmethods="6"/>
      <line num="3" count="1" type="stmt"/>
      <line num="5" count="2" type="stmt"/>
      <line num="6" count="2" type="stmt"/>
      <line num="7" count="2" type="stmt"/>
      <line num="9" count="2" type="stmt"/>
      <line num="11" count="1" type="stmt"/>
      <line num="12" count="6" type="stmt"/>
      <line num="13" count="9" type="cond" truecount="2" falsecount="0"/>
      <line num="14" count="3" type="stmt"/>
      <line num="18" count="1" type="stmt"/>
      <line num="19" count="7" type="stmt"/>
      <line num="20" count="7" type="cond" truecount="2" falsecount="0"/>
      <line num="21" count="1" type="stmt"/>
      <line num="23" count="6" type="stmt"/>
      <line num="27" count="6" type="stmt"/>
      <line num="28" count="6" type="stmt"/>
      <line num="29" count="6" type="stmt"/>
      <line num="31" count="1" type="stmt"/>
      <line num="32" count="3" type="stmt"/>
      <line num="34" count="1" type="stmt"/>
      <line num="35" count="4" type="cond" truecount="4" falsecount="0"/>
      <line num="36" count="1" type="stmt"/>
      <line num="38" count="3" type="stmt"/>
      <line num="39" count="3" type="stmt"/>
      <line num="45" count="3" type="cond" truecount="2" falsecount="0"/>
      <line num="47" count="1" type="stmt"/>
    </file>
  </project>
</coverage>
