{"/home/gblp245/Desktop/parking-lot-1.4.2/parking_lot_gojek/src/ParkingLot.ts": {"path":"/home/gblp245/Desktop/parking-lot-1.4.2/parking_lot_gojek/src/ParkingLot.ts","statementMap":{"0":{"start":{"line":3,"column":0},"end":{"line":3,"column":null}},"1":{"start":{"line":5,"column":12},"end":{"line":5,"column":null}},"2":{"start":{"line":6,"column":12},"end":{"line":6,"column":null}},"3":{"start":{"line":7,"column":12},"end":{"line":7,"column":null}},"4":{"start":{"line":9,"column":8},"end":{"line":9,"column":null}},"5":{"start":{"line":11,"column":12},"end":{"line":17,"column":null}},"6":{"start":{"line":12,"column":8},"end":{"line":16,"column":null}},"7":{"start":{"line":12,"column":20},"end":{"line":12,"column":31}},"8":{"start":{"line":13,"column":12},"end":{"line":15,"column":null}},"9":{"start":{"line":14,"column":16},"end":{"line":14,"column":null}},"10":{"start":{"line":18,"column":11},"end":{"line":30,"column":null}},"11":{"start":{"line":19,"column":30},"end":{"line":19,"column":63}},"12":{"start":{"line":20,"column":8},"end":{"line":22,"column":null}},"13":{"start":{"line":21,"column":12},"end":{"line":21,"column":18}},"14":{"start":{"line":23,"column":8},"end":{"line":26,"column":null}},"15":{"start":{"line":27,"column":8},"end":{"line":27,"column":null}},"16":{"start":{"line":28,"column":8},"end":{"line":28,"column":null}},"17":{"start":{"line":29,"column":8},"end":{"line":29,"column":null}},"18":{"start":{"line":31,"column":11},"end":{"line":33,"column":null}},"19":{"start":{"line":32,"column":8},"end":{"line":32,"column":null}},"20":{"start":{"line":34,"column":11},"end":{"line":46,"column":null}},"21":{"start":{"line":35,"column":8},"end":{"line":37,"column":null}},"22":{"start":{"line":36,"column":12},"end":{"line":36,"column":null}},"23":{"start":{"line":38,"column":26},"end":{"line":38,"column":43}},"24":{"start":{"line":39,"column":8},"end":{"line":44,"column":null}},"25":{"start":{"line":45,"column":8},"end":{"line":45,"column":null}},"26":{"start":{"line":47,"column":0},"end":{"line":47,"column":null}}},"fnMap":{"0":{"name":"(anonymous_2)","decl":{"start":{"line":3,"column":0},"end":{"line":3,"column":null}},"loc":{"start":{"line":3,"column":0},"end":{"line":47,"column":null}}},"1":{"name":"ParkingLot","decl":{"start":{"line":8,"column":4},"end":{"line":8,"column":16}},"loc":{"start":{"line":8,"column":34},"end":{"line":10,"column":5}}},"2":{"name":"(anonymous_4)","decl":{"start":{"line":11,"column":4},"end":{"line":11,"column":12}},"loc":{"start":{"line":11,"column":52},"end":{"line":17,"column":5}}},"3":{"name":"(anonymous_5)","decl":{"start":{"line":18,"column":4},"end":{"line":18,"column":11}},"loc":{"start":{"line":18,"column":25},"end":{"line":30,"column":5}}},"4":{"name":"(anonymous_6)","decl":{"start":{"line":31,"column":4},"end":{"line":31,"column":11}},"loc":{"start":{"line":31,"column":4},"end":{"line":33,"column":5}}},"5":{"name":"(anonymous_7)","decl":{"start":{"line":34,"column":4},"end":{"line":34,"column":11}},"loc":{"start":{"line":34,"column":29},"end":{"line":46,"column":5}}}},"branchMap":{"0":{"loc":{"start":{"line":13,"column":12},"end":{"line":15,"column":null}},"type":"if","locations":[{"start":{"line":13,"column":12},"end":{"line":15,"column":null}},{"start":{"line":13,"column":12},"end":{"line":15,"column":null}}]},"1":{"loc":{"start":{"line":20,"column":8},"end":{"line":22,"column":null}},"type":"if","locations":[{"start":{"line":20,"column":8},"end":{"line":22,"column":null}},{"start":{"line":20,"column":8},"end":{"line":22,"column":null}}]},"2":{"loc":{"start":{"line":35,"column":8},"end":{"line":37,"column":null}},"type":"if","locations":[{"start":{"line":35,"column":8},"end":{"line":37,"column":null}},{"start":{"line":35,"column":8},"end":{"line":37,"column":null}}]},"3":{"loc":{"start":{"line":35,"column":12},"end":{"line":35,"column":35}},"type":"binary-expr","locations":[{"start":{"line":35,"column":12},"end":{"line":35,"column":35}},{"start":{"line":35,"column":40},"end":{"line":35,"column":58}}]},"4":{"loc":{"start":{"line":43,"column":12},"end":{"line":43,"column":16}},"type":"cond-expr","locations":[{"start":{"line":43,"column":12},"end":{"line":43,"column":16}},{"start":{"line":44,"column":12},"end":{"line":44,"column":35}}]},"5":{"loc":{"start":{"line":40,"column":16},"end":{"line":40,"column":53}},"type":"binary-expr","locations":[{"start":{"line":40,"column":16},"end":{"line":40,"column":53}},{"start":{"line":41,"column":16},"end":{"line":41,"column":46}}]},"6":{"loc":{"start":{"line":45,"column":15},"end":{"line":45,"column":39}},"type":"binary-expr","locations":[{"start":{"line":45,"column":15},"end":{"line":45,"column":39}},{"start":{"line":45,"column":43},"end":{"line":45,"column":93}}]}},"s":{"0":1,"1":2,"2":2,"3":2,"4":2,"5":1,"6":6,"7":6,"8":9,"9":3,"10":1,"11":7,"12":7,"13":1,"14":6,"15":6,"16":6,"17":6,"18":1,"19":3,"20":1,"21":4,"22":1,"23":3,"24":3,"25":3,"26":1},"f":{"0":1,"1":2,"2":6,"3":7,"4":3,"5":4},"b":{"0":[3,6],"1":[1,6],"2":[1,3],"3":[4,3],"4":[2,1],"5":[3,1],"6":[3,3]}}
}
