{"/home/gblp245/Desktop/parking-lot-1.4.2/parking_lot_gojek/src/ParkingLot.ts": {"path":"/home/gblp245/Desktop/parking-lot-1.4.2/parking_lot_gojek/src/ParkingLot.ts","statementMap":{"0":{"start":{"line":3,"column":0},"end":{"line":3,"column":null}},"1":{"start":{"line":5,"column":12},"end":{"line":5,"column":null}},"2":{"start":{"line":6,"column":12},"end":{"line":6,"column":null}},"3":{"start":{"line":7,"column":12},"end":{"line":7,"column":null}},"4":{"start":{"line":9,"column":8},"end":{"line":9,"column":null}},"5":{"start":{"line":11,"column":12},"end":{"line":19,"column":null}},"6":{"start":{"line":13,"column":8},"end":{"line":17,"column":null}},"7":{"start":{"line":13,"column":20},"end":{"line":13,"column":31}},"8":{"start":{"line":14,"column":12},"end":{"line":16,"column":null}},"9":{"start":{"line":15,"column":16},"end":{"line":15,"column":null}},"10":{"start":{"line":18,"column":8},"end":{"line":18,"column":null}},"11":{"start":{"line":20,"column":11},"end":{"line":32,"column":null}},"12":{"start":{"line":21,"column":30},"end":{"line":21,"column":63}},"13":{"start":{"line":22,"column":8},"end":{"line":24,"column":null}},"14":{"start":{"line":23,"column":12},"end":{"line":23,"column":null}},"15":{"start":{"line":25,"column":8},"end":{"line":28,"column":null}},"16":{"start":{"line":29,"column":8},"end":{"line":29,"column":null}},"17":{"start":{"line":30,"column":8},"end":{"line":30,"column":null}},"18":{"start":{"line":31,"column":8},"end":{"line":31,"column":null}},"19":{"start":{"line":33,"column":11},"end":{"line":35,"column":null}},"20":{"start":{"line":34,"column":8},"end":{"line":34,"column":null}},"21":{"start":{"line":36,"column":0},"end":{"line":36,"column":null}}},"fnMap":{"0":{"name":"(anonymous_2)","decl":{"start":{"line":3,"column":0},"end":{"line":3,"column":null}},"loc":{"start":{"line":3,"column":0},"end":{"line":36,"column":null}}},"1":{"name":"ParkingLot","decl":{"start":{"line":8,"column":4},"end":{"line":8,"column":16}},"loc":{"start":{"line":8,"column":34},"end":{"line":10,"column":5}}},"2":{"name":"(anonymous_4)","decl":{"start":{"line":11,"column":4},"end":{"line":11,"column":12}},"loc":{"start":{"line":11,"column":52},"end":{"line":19,"column":5}}},"3":{"name":"(anonymous_5)","decl":{"start":{"line":20,"column":4},"end":{"line":20,"column":11}},"loc":{"start":{"line":20,"column":25},"end":{"line":32,"column":5}}},"4":{"name":"(anonymous_6)","decl":{"start":{"line":33,"column":4},"end":{"line":33,"column":11}},"loc":{"start":{"line":33,"column":4},"end":{"line":35,"column":5}}}},"branchMap":{"0":{"loc":{"start":{"line":14,"column":12},"end":{"line":16,"column":null}},"type":"if","locations":[{"start":{"line":14,"column":12},"end":{"line":16,"column":null}},{"start":{"line":14,"column":12},"end":{"line":16,"column":null}}]},"1":{"loc":{"start":{"line":22,"column":8},"end":{"line":24,"column":null}},"type":"if","locations":[{"start":{"line":22,"column":8},"end":{"line":24,"column":null}},{"start":{"line":22,"column":8},"end":{"line":24,"column":null}}]}},"s":{"0":1,"1":2,"2":2,"3":2,"4":2,"5":1,"6":4,"7":4,"8":6,"9":2,"10":4,"11":1,"12":5,"13":5,"14":1,"15":4,"16":4,"17":4,"18":4,"19":1,"20":3,"21":1},"f":{"0":1,"1":2,"2":4,"3":5,"4":3},"b":{"0":[2,4],"1":[1,4]}}
}
