TN:
SF:/home/gblp245/Desktop/parking-lot-1.4.2/parking_lot_gojek/src/ParkingLot.ts
FN:3,(anonymous_3)
FN:9,ParkingLot
FN:12,(anonymous_5)
FN:19,(anonymous_6)
FN:33,(anonymous_7)
FN:36,(anonymous_8)
FN:43,(anonymous_9)
FN:54,(anonymous_10)
FN:55,(anonymous_11)
FN:61,(anonymous_12)
FN:64,(anonymous_13)
FN:67,(anonymous_14)
FN:70,(anonymous_15)
FNF:13
FNH:13
FNDA:2,(anonymous_3)
FNDA:8,ParkingLot
FNDA:10,(anonymous_5)
FNDA:11,(anonymous_6)
FNDA:9,(anonymous_7)
FNDA:6,(anonymous_8)
FNDA:4,(anonymous_9)
FNDA:4,(anonymous_10)
FNDA:4,(anonymous_11)
FNDA:4,(anonymous_12)
FNDA:4,(anonymous_13)
FNDA:4,(anonymous_14)
FNDA:3,(anonymous_15)
DA:3,2
DA:5,8
DA:6,8
DA:7,8
DA:8,8
DA:10,8
DA:12,2
DA:13,10
DA:14,16
DA:15,6
DA:19,2
DA:20,11
DA:21,11
DA:22,1
DA:24,10
DA:25,10
DA:26,10
DA:30,10
DA:31,10
DA:33,2
DA:34,9
DA:36,2
DA:37,6
DA:38,2
DA:40,4
DA:41,4
DA:43,4
DA:44,4
DA:49,4
DA:54,4
DA:55,4
DA:61,2
DA:62,4
DA:64,2
DA:65,4
DA:67,4
DA:68,4
DA:70,3
DA:74,2
LF:39
LH:39
BRDA:14,0,0,6
BRDA:14,0,1,10
BRDA:21,1,0,1
BRDA:21,1,1,10
BRDA:27,2,0,10
BRDA:27,2,1,7
BRDA:37,3,0,2
BRDA:37,3,1,4
BRDA:37,4,0,6
BRDA:37,4,1,5
BRDA:47,5,0,3
BRDA:47,5,1,1
BRDA:45,6,0,4
BRDA:45,6,1,1
BRDA:50,7,0,4
BRDA:50,7,1,4
BRDA:65,8,0,4
BRDA:65,8,1,2
BRDA:69,9,0,2
BRDA:69,9,1,2
BRF:20
BRH:20
end_of_record
TN:
SF:/home/gblp245/Desktop/parking-lot-1.4.2/parking_lot_gojek/src/inputProcessor.ts
FN:7,inputProcessor
FN:29,createParkingLot
FN:39,park
FN:58,leave
FN:68,slotNumberForRegNo
FN:83,slotNumbersForColour
FN:89,(anonymous_7)
FN:94,registrationNumbersForColour
FN:106,allParkedCars
FNF:9
FNH:9
FNDA:34,inputProcessor
FNDA:7,createParkingLot
FNDA:7,park
FNDA:4,leave
FNDA:4,slotNumberForRegNo
FNDA:4,slotNumbersForColour
FNDA:2,(anonymous_7)
FNDA:4,registrationNumbersForColour
FNDA:3,allParkedCars
DA:1,1
DA:2,1
DA:3,1
DA:7,1
DA:8,34
DA:9,34
DA:11,7
DA:13,7
DA:15,4
DA:17,3
DA:19,4
DA:21,4
DA:23,4
DA:25,1
DA:30,7
DA:31,6
DA:32,6
DA:36,1
DA:40,7
DA:41,1
DA:43,6
DA:44,1
DA:47,5
DA:52,5
DA:53,1
DA:55,4
DA:59,4
DA:60,1
DA:62,3
DA:63,2
DA:65,1
DA:69,4
DA:70,1
DA:72,3
DA:73,1
DA:75,2
DA:76,2
DA:77,1
DA:79,1
DA:84,4
DA:85,1
DA:87,3
DA:88,3
DA:89,2
DA:91,2
DA:95,4
DA:96,1
DA:99,3
DA:100,3
DA:101,1
DA:103,2
DA:107,3
DA:108,1
DA:110,2
DA:111,2
DA:112,1
DA:114,1
LF:57
LH:57
BRDA:10,0,0,7
BRDA:10,0,1,7
BRDA:10,0,2,4
BRDA:10,0,3,3
BRDA:10,0,4,4
BRDA:10,0,5,4
BRDA:10,0,6,4
BRDA:10,0,7,1
BRDA:30,1,0,6
BRDA:30,1,1,1
BRDA:33,2,0,1
BRDA:33,2,1,5
BRDA:40,3,0,1
BRDA:40,3,1,6
BRDA:43,4,0,1
BRDA:43,4,1,5
BRDA:43,5,0,6
BRDA:43,5,1,5
BRDA:47,6,0,5
BRDA:47,6,1,4
BRDA:52,7,0,1
BRDA:52,7,1,4
BRDA:52,8,0,5
BRDA:52,8,1,4
BRDA:59,9,0,1
BRDA:59,9,1,3
BRDA:62,10,0,2
BRDA:62,10,1,1
BRDA:62,11,0,3
BRDA:62,11,1,2
BRDA:69,12,0,1
BRDA:69,12,1,3
BRDA:72,13,0,1
BRDA:72,13,1,2
BRDA:76,14,0,1
BRDA:76,14,1,1
BRDA:84,15,0,1
BRDA:84,15,1,3
BRDA:87,16,0,3
BRDA:87,16,1,2
BRDA:88,17,0,1
BRDA:88,17,1,2
BRDA:88,18,0,3
BRDA:88,18,1,2
BRDA:95,19,0,1
BRDA:95,19,1,3
BRDA:99,20,0,3
BRDA:99,20,1,2
BRDA:100,21,0,1
BRDA:100,21,1,2
BRDA:100,22,0,3
BRDA:100,22,1,2
BRDA:107,23,0,1
BRDA:107,23,1,2
BRDA:111,24,0,1
BRDA:111,24,1,1
BRF:56
BRH:56
end_of_record
TN:
SF:/home/gblp245/Desktop/parking-lot-1.4.2/parking_lot_gojek/src/utils/commonMethods.ts
FN:1,gridStringFromArrayOfObjects
FN:11,(anonymous_1)
FN:11,(anonymous_2)
FNF:3
FNH:3
FNDA:4,gridStringFromArrayOfObjects
FNDA:4,(anonymous_1)
FNDA:10,(anonymous_2)
DA:1,2
DA:4,4
DA:5,1
DA:7,3
DA:8,3
DA:11,10
LF:6
LH:6
BRDA:4,0,0,1
BRDA:4,0,1,3
BRF:2
BRH:2
end_of_record
TN:
SF:/home/gblp245/Desktop/parking-lot-1.4.2/parking_lot_gojek/src/utils/constants.ts
FNF:0
FNH:0
DA:1,1
LF:1
LH:1
BRF:0
BRH:0
end_of_record
