TN:
SF:/home/gblp245/Desktop/parking-lot-1.4.2/parking_lot_gojek/src/ParkingLot.ts
FN:3,(anonymous_3)
FN:9,ParkingLot
FN:12,(anonymous_5)
FN:19,(anonymous_6)
FN:30,(anonymous_7)
FN:33,(anonymous_8)
FN:39,(anonymous_9)
FN:49,(anonymous_10)
FN:51,(anonymous_11)
FN:54,(anonymous_12)
FN:57,(anonymous_13)
FNF:11
FNH:11
FNDA:1,(anonymous_3)
FNDA:2,ParkingLot
FNDA:6,(anonymous_5)
FNDA:7,(anonymous_6)
FNDA:4,(anonymous_7)
FNDA:4,(anonymous_8)
FNDA:3,(anonymous_9)
FNDA:2,(anonymous_10)
FNDA:2,(anonymous_11)
FNDA:2,(anonymous_12)
FNDA:2,(anonymous_13)
DA:3,1
DA:5,2
DA:6,2
DA:7,2
DA:8,2
DA:10,2
DA:12,1
DA:13,6
DA:14,9
DA:15,3
DA:19,1
DA:20,7
DA:21,7
DA:22,1
DA:24,6
DA:25,6
DA:26,6
DA:27,6
DA:28,6
DA:30,1
DA:31,4
DA:33,1
DA:34,4
DA:35,1
DA:37,3
DA:38,3
DA:39,3
DA:41,3
DA:47,3
DA:49,2
DA:50,2
DA:51,2
DA:54,1
DA:55,2
DA:57,1
DA:58,2
DA:60,1
LF:37
LH:37
BRDA:14,0,0,3
BRDA:14,0,1,6
BRDA:21,1,0,1
BRDA:21,1,1,6
BRDA:26,2,0,6
BRDA:26,2,1,4
BRDA:34,3,0,1
BRDA:34,3,1,3
BRDA:34,4,0,4
BRDA:34,4,1,3
BRDA:45,5,0,2
BRDA:45,5,1,1
BRDA:42,6,0,3
BRDA:42,6,1,1
BRDA:47,7,0,3
BRDA:47,7,1,3
BRF:16
BRH:16
end_of_record
